C51 COMPILER V9.00   C_STCE2PROM                                                           04/28/2014 09:24:44 PAGE 1   


C51 COMPILER V9.00, COMPILATION OF MODULE C_STCE2PROM
OBJECT MODULE PLACED IN .\C_STCE2PROM.obj
COMPILER INVOKED BY: C:\Keil\C51\BIN\C51.EXE ..\Hard_Module\C_STCE2PROM.c BROWSE INCDIR(..\CPU_Register;..\Hard_Module;.
                    -.\System_Function) DEBUG OBJECTEXTEND PRINT(.\C_STCE2PROM.lst) OBJECT(.\C_STCE2PROM.obj)

line level    source

   1          
   2          
   3          #include "STC12C5620ad_H.h"
   4          #include "intrins.h"
   5          
   6          #define ISP_IAP_BYTE_READ    0x01
   7          #define ISP_IAP_BYTE_PROGRAM 0x02
   8          #define ISP_SECTOR_ERASE     0x03
   9          #define ENABLE_ISP           0x85
  10          
  11          /*=======================================================================
  12          函数名称：ISP_Disable
  13          函数功能：禁止IAP操作
  14          输入参数：
  15          输出参数：无
  16          返 回 值：
  17          其它说明：
  18          =======================================================================*/
  19          void ISP_Disable( void ){
  20   1      
  21   1          ISP_CONTR = 0x00;
  22   1          ISP_CMD   = 0x00;
  23   1          ISP_TRIG  = 0x00;
  24   1          ISP_ADDRH = 0xFF;
  25   1          ISP_ADDRL = 0xFF;
  26   1      
  27   1      }
  28          
  29          /*=======================================================================
  30          函数名称：ISP_Byte_Read
  31          函数功能：读EEPROM中的一个字节，需要传递地址
  32          输入参数：
  33          输出参数：无
  34          返 回 值：读取的数据
  35          其它说明：
  36          =======================================================================*/
  37          unsigned char ISP_Byte_Read( unsigned int Sector_Address ){
  38   1      
  39   1          unsigned char Temp_Data;
  40   1      
  41   1          ISP_CONTR = ENABLE_ISP;
  42   1          ISP_CMD   = ISP_IAP_BYTE_READ;
  43   1          ISP_ADDRH = Sector_Address / 256;
  44   1          ISP_ADDRL = Sector_Address % 256;
  45   1          //ISP_TRIG  = 0x5A;
  46   1          //ISP_TRIG  = 0xA5;
  47   1          
  48   1          ISP_TRIG  = 0x46;
  49   1          ISP_TRIG  = 0xB9;
  50   1              _nop_();
  51   1              _nop_();
  52   1              _nop_();
  53   1              _nop_();
  54   1              _nop_();
C51 COMPILER V9.00   C_STCE2PROM                                                           04/28/2014 09:24:44 PAGE 2   

  55   1      
  56   1          Temp_Data = ISP_DATA;
  57   1          ISP_Disable();
  58   1          // 延迟
  59   1          return Temp_Data;
  60   1      
  61   1      }
  62          
  63          /*=======================================================================
  64          函数名称：ISP_Byte_Write
  65          函数功能：写入EEPROM中的一个字节，需要传递地址和要写入的数据
  66          输入参数：要擦除的扇区地址
  67          输出参数：无
  68          返 回 值：无
  69          其它说明：
  70          =======================================================================*/
  71          void ISP_Byte_Write( unsigned int Sector_Address, unsigned char Write_Data ){
  72   1      
  73   1          ISP_CONTR = ENABLE_ISP;
  74   1          ISP_CMD   = ISP_IAP_BYTE_PROGRAM;
  75   1          ISP_ADDRH = Sector_Address / 256;
  76   1          ISP_ADDRL = Sector_Address % 256;
  77   1          ISP_DATA  = Write_Data;
  78   1         // ISP_TRIG  = 0x5A;
  79   1          //ISP_TRIG  = 0xA5;
  80   1      
  81   1          ISP_TRIG  = 0x46;
  82   1          ISP_TRIG  = 0xB9;
  83   1              _nop_();
  84   1              _nop_();
  85   1              _nop_();
  86   1              _nop_();
  87   1              _nop_();
  88   1      
  89   1          ISP_Disable();
  90   1      
  91   1      }
  92          
  93          /*=======================================================================
  94          函数名称：Sector_Erase
  95          函数功能：扇区擦除
  96          输入参数：要擦除的扇区地址
  97          输出参数：无
  98          返 回 值：无
  99          其它说明：
 100          =======================================================================*/
 101          void Sector_Erase( unsigned int Sector_Address ){
 102   1      
 103   1          ISP_CONTR = ENABLE_ISP;
 104   1          ISP_CMD   = 0x03;
 105   1          ISP_ADDRH = Sector_Address / 256;
 106   1          ISP_ADDRL = Sector_Address % 256;
 107   1          //ISP_TRIG  = 0x5A;
 108   1          //ISP_TRIG  = 0xA5;
 109   1      
 110   1          ISP_TRIG  = 0x46;
 111   1          ISP_TRIG  = 0xB9;
 112   1              _nop_();
 113   1              _nop_();
 114   1              _nop_();
 115   1              _nop_();
 116   1              _nop_();
C51 COMPILER V9.00   C_STCE2PROM                                                           04/28/2014 09:24:44 PAGE 3   

 117   1      
 118   1          ISP_Disable();
 119   1      
 120   1      }
 121          
 122          
 123          
 124          
 125          
 126          
 127          
 128          
 129          
 130          
 131          
 132          
 133          
 134          


MODULE INFORMATION:   STATIC OVERLAYABLE
   CODE SIZE        =    109    ----
   CONSTANT SIZE    =   ----    ----
   XDATA SIZE       =   ----    ----
   PDATA SIZE       =   ----    ----
   DATA SIZE        =   ----    ----
   IDATA SIZE       =   ----    ----
   BIT SIZE         =   ----    ----
END OF MODULE INFORMATION.


C51 COMPILATION COMPLETE.  0 WARNING(S),  0 ERROR(S)
